2026-04-29T10:45:54.305751Z 0 [System] [MY-015015] [Server] MySQL Server - start.
2026-04-29T10:45:54.379865Z 0 [Warning] [MY-010097] [Server] Insecure configuration for --secure-file-priv: Current value does not restrict location of generated files. Consider setting it to a valid, non-empty path.
2026-04-29T10:45:54.379907Z 0 [System] [MY-010116] [Server] C:\laragon\bin\mysql\mysql-8.4.3-winx64\bin\mysqld (mysqld 8.4.3) starting as process 19372
2026-04-29T10:45:54.396224Z 1 [System] [MY-013576] [InnoDB] InnoDB initialization has started.
2026-04-29T10:45:54.586080Z 1 [System] [MY-013577] [InnoDB] InnoDB initialization has ended.
2026-04-29T10:45:54.890641Z 0 [Warning] [MY-013829] [Server] Missing data directory for ICU regular expressions: C:\laragon\bin\mysql\mysql-8.4.3-winx64\lib\private\.
2026-04-29T10:45:54.899690Z 0 [Warning] [MY-010068] [Server] CA certificate ca.pem is self signed.
2026-04-29T10:45:54.900056Z 0 [System] [MY-013602] [Server] Channel mysql_main configured to support TLS. Encrypted connections are now supported for this channel.
2026-04-29T10:45:54.933052Z 0 [System] [MY-011323] [Server] X Plugin ready for connections. Bind-address: '::' port: 33060
2026-04-29T10:45:54.933113Z 0 [System] [MY-010931] [Server] C:\laragon\bin\mysql\mysql-8.4.3-winx64\bin\mysqld: ready for connections. Version: '8.4.3'  socket: ''  port: 3306  MySQL Community Server - GPL.
2026-04-29T10:46:19.971776Z 8 [System] [MY-013172] [Server] Received SHUTDOWN from user root. Shutting down mysqld (Version: 8.4.3).
2026-04-29T10:46:19.972411Z 0 [System] [MY-013105] [Server] C:\laragon\bin\mysql\mysql-8.4.3-winx64\bin\mysqld: Normal shutdown.
2026-04-29T10:46:21.104202Z 0 [System] [MY-010910] [Server] C:\laragon\bin\mysql\mysql-8.4.3-winx64\bin\mysqld: Shutdown complete (mysqld 8.4.3)  MySQL Community Server - GPL.
2026-04-29T10:46:21.104817Z 0 [System] [MY-015016] [Server] MySQL Server - end.
2026-04-29T10:46:47.863318Z 0 [System] [MY-015015] [Server] MySQL Server - start.
2026-04-29T10:46:48.050513Z 0 [Warning] [MY-010097] [Server] Insecure configuration for --secure-file-priv: Current value does not restrict location of generated files. Consider setting it to a valid, non-empty path.
2026-04-29T10:46:48.050557Z 0 [System] [MY-010116] [Server] C:\laragon\bin\mysql\mysql-8.4.3-winx64\bin\mysqld (mysqld 8.4.3) starting as process 7132
2026-04-29T10:46:48.069696Z 1 [System] [MY-013576] [InnoDB] InnoDB initialization has started.
2026-04-29T10:46:48.243716Z 1 [System] [MY-013577] [InnoDB] InnoDB initialization has ended.
2026-04-29T10:46:48.504094Z 0 [Warning] [MY-013829] [Server] Missing data directory for ICU regular expressions: C:\laragon\bin\mysql\mysql-8.4.3-winx64\lib\private\.
2026-04-29T10:46:48.512322Z 0 [Warning] [MY-010068] [Server] CA certificate ca.pem is self signed.
2026-04-29T10:46:48.512687Z 0 [System] [MY-013602] [Server] Channel mysql_main configured to support TLS. Encrypted connections are now supported for this channel.
2026-04-29T10:46:48.548403Z 0 [System] [MY-011323] [Server] X Plugin ready for connections. Bind-address: '::' port: 33060
2026-04-29T10:46:48.548473Z 0 [System] [MY-010931] [Server] C:\laragon\bin\mysql\mysql-8.4.3-winx64\bin\mysqld: ready for connections. Version: '8.4.3'  socket: ''  port: 3306  MySQL Community Server - GPL.
2026-04-29T10:47:53.441005Z 8 [System] [MY-013172] [Server] Received SHUTDOWN from user root. Shutting down mysqld (Version: 8.4.3).
2026-04-29T10:47:53.441725Z 0 [System] [MY-013105] [Server] C:\laragon\bin\mysql\mysql-8.4.3-winx64\bin\mysqld: Normal shutdown.
2026-04-29T10:47:54.012919Z 0 [System] [MY-010910] [Server] C:\laragon\bin\mysql\mysql-8.4.3-winx64\bin\mysqld: Shutdown complete (mysqld 8.4.3)  MySQL Community Server - GPL.
2026-04-29T10:47:54.013670Z 0 [System] [MY-015016] [Server] MySQL Server - end.
2026-04-29T10:48:15.616455Z 0 [System] [MY-015015] [Server] MySQL Server - start.
2026-04-29T10:48:15.847313Z 0 [Warning] [MY-010097] [Server] Insecure configuration for --secure-file-priv: Current value does not restrict location of generated files. Consider setting it to a valid, non-empty path.
2026-04-29T10:48:15.847357Z 0 [System] [MY-010116] [Server] C:\laragon\bin\mysql\mysql-8.4.3-winx64\bin\mysqld (mysqld 8.4.3) starting as process 12556
2026-04-29T10:48:15.860929Z 1 [System] [MY-013576] [InnoDB] InnoDB initialization has started.
2026-04-29T10:48:16.030288Z 1 [System] [MY-013577] [InnoDB] InnoDB initialization has ended.
2026-04-29T10:48:16.280403Z 0 [Warning] [MY-013829] [Server] Missing data directory for ICU regular expressions: C:\laragon\bin\mysql\mysql-8.4.3-winx64\lib\private\.
2026-04-29T10:48:16.290496Z 0 [Warning] [MY-010068] [Server] CA certificate ca.pem is self signed.
2026-04-29T10:48:16.290870Z 0 [System] [MY-013602] [Server] Channel mysql_main configured to support TLS. Encrypted connections are now supported for this channel.
2026-04-29T10:48:16.327338Z 0 [System] [MY-010931] [Server] C:\laragon\bin\mysql\mysql-8.4.3-winx64\bin\mysqld: ready for connections. Version: '8.4.3'  socket: ''  port: 3306  MySQL Community Server - GPL.
2026-04-29T10:48:16.327514Z 0 [System] [MY-011323] [Server] X Plugin ready for connections. Bind-address: '::' port: 33060
2026-04-29T10:49:09.692430Z 8 [System] [MY-013172] [Server] Received SHUTDOWN from user root. Shutting down mysqld (Version: 8.4.3).
2026-04-29T10:49:09.693136Z 0 [System] [MY-013105] [Server] C:\laragon\bin\mysql\mysql-8.4.3-winx64\bin\mysqld: Normal shutdown.
2026-04-29T10:49:10.806878Z 0 [System] [MY-010910] [Server] C:\laragon\bin\mysql\mysql-8.4.3-winx64\bin\mysqld: Shutdown complete (mysqld 8.4.3)  MySQL Community Server - GPL.
2026-04-29T10:49:10.807493Z 0 [System] [MY-015016] [Server] MySQL Server - end.
